This file contains any messages produced by compilers while
running configure, to aid debugging if configure makes a mistake.

It was created by configure, which was
generated by GNU Autoconf 2.57.  Invocation command line was

  $ ./configure 

## --------- ##
## Platform. ##
## --------- ##

hostname = debian
uname -m = x86_64
uname -r = 4.9.0-2-amd64
uname -s = Linux
uname -v = #1 SMP Debian 4.9.18-1 (2017-03-30)

/usr/bin/uname -p = unknown
/bin/uname -X     = unknown

/bin/arch              = unknown
/usr/bin/arch -k       = unknown
/usr/convex/getsysinfo = unknown
hostinfo               = unknown
/bin/machine           = unknown
/usr/bin/oslevel       = unknown
/bin/universe          = unknown

PATH: /usr/local/bin
PATH: /usr/bin
PATH: /bin
PATH: /usr/local/games
PATH: /usr/games


## ----------- ##
## Core tests. ##
## ----------- ##

configure:1253: checking build system type
configure:1271: result: x86_64-unknown-linux-gnu
configure:1279: checking host system type
configure:1293: result: x86_64-unknown-linux-gnu
configure:1362: checking for gcc
configure:1378: found /usr/bin/gcc
configure:1388: result: gcc
configure:1632: checking for C compiler version
configure:1635: gcc --version </dev/null >&5
gcc (Debian 6.3.0-12) 6.3.0 20170406
Copyright (C) 2016 Free Software Foundation, Inc.
This is free software; see the source for copying conditions.  There is NO
warranty; not even for MERCHANTABILITY or FITNESS FOR A PARTICULAR PURPOSE.

configure:1638: $? = 0
configure:1640: gcc -v </dev/null >&5
Using built-in specs.
COLLECT_GCC=gcc
COLLECT_LTO_WRAPPER=/usr/lib/gcc/x86_64-linux-gnu/6/lto-wrapper
Target: x86_64-linux-gnu
Configured with: ../src/configure -v --with-pkgversion='Debian 6.3.0-12' --with-bugurl=file:///usr/share/doc/gcc-6/README.Bugs --enable-languages=c,ada,c++,java,go,d,fortran,objc,obj-c++ --prefix=/usr --program-suffix=-6 --program-prefix=x86_64-linux-gnu- --enable-shared --enable-linker-build-id --libexecdir=/usr/lib --without-included-gettext --enable-threads=posix --libdir=/usr/lib --enable-nls --with-sysroot=/ --enable-clocale=gnu --enable-libstdcxx-debug --enable-libstdcxx-time=yes --with-default-libstdcxx-abi=new --enable-gnu-unique-object --disable-vtable-verify --enable-libmpx --enable-plugin --enable-default-pie --with-system-zlib --disable-browser-plugin --enable-java-awt=gtk --enable-gtk-cairo --with-java-home=/usr/lib/jvm/java-1.5.0-gcj-6-amd64/jre --enable-java-home --with-jvm-root-dir=/usr/lib/jvm/java-1.5.0-gcj-6-amd64 --with-jvm-jar-dir=/usr/lib/jvm-exports/java-1.5.0-gcj-6-amd64 --with-arch-directory=amd64 --with-ecj-jar=/usr/share/java/eclipse-ecj.jar --with-target-system-zlib --enable-objc-gc=auto --enable-multiarch --with-arch-32=i686 --with-abi=m64 --with-multilib-list=m32,m64,mx32 --enable-multilib --with-tune=generic --enable-checking=release --build=x86_64-linux-gnu --host=x86_64-linux-gnu --target=x86_64-linux-gnu
Thread model: posix
gcc version 6.3.0 20170406 (Debian 6.3.0-12) 
configure:1643: $? = 0
configure:1645: gcc -V </dev/null >&5
gcc: error: unrecognized command line option '-V'
gcc: fatal error: no input files
compilation terminated.
configure:1648: $? = 1
configure:1672: checking for C compiler default output
configure:1675: gcc    conftest.c  >&5
configure:1678: $? = 0
configure:1724: result: a.out
configure:1729: checking whether the C compiler works
configure:1735: ./a.out
configure:1738: $? = 0
configure:1755: result: yes
configure:1762: checking whether we are cross compiling
configure:1764: result: no
configure:1767: checking for suffix of executables
configure:1769: gcc -o conftest    conftest.c  >&5
configure:1772: $? = 0
configure:1797: result: 
configure:1803: checking for suffix of object files
configure:1825: gcc -c   conftest.c >&5
configure:1828: $? = 0
configure:1850: result: o
configure:1854: checking whether we are using the GNU C compiler
configure:1879: gcc -c   conftest.c >&5
configure:1882: $? = 0
configure:1885: test -s conftest.o
configure:1888: $? = 0
configure:1901: result: yes
configure:1907: checking whether gcc accepts -g
configure:1929: gcc -c -g  conftest.c >&5
configure:1932: $? = 0
configure:1935: test -s conftest.o
configure:1938: $? = 0
configure:1949: result: yes
configure:1966: checking for gcc option to accept ANSI C
configure:2027: gcc  -c -g -O2  conftest.c >&5
configure:1983:19: fatal error: stdio.h: No such file or directory
 #include <sys/stat.h>
                   ^
compilation terminated.
configure:2030: $? = 1
configure: failed program was:
| #line 1973 "configure"
| /* confdefs.h.  */
| 
| #define PACKAGE_NAME ""
| #define PACKAGE_TARNAME ""
| #define PACKAGE_VERSION ""
| #define PACKAGE_STRING ""
| #define PACKAGE_BUGREPORT ""
| #define CPU_VENDOR_OS "x86_64-unknown-linux-gnu"
| /* end confdefs.h.  */
| #include <stdarg.h>
| #include <stdio.h>
| #include <sys/types.h>
| #include <sys/stat.h>
| /* Most of the following tests are stolen from RCS 5.7's src/conf.sh.  */
| struct buf { int x; };
| FILE * (*rcsopen) (struct buf *, struct stat *, int);
| static char *e (p, i)
|      char **p;
|      int i;
| {
|   return p[i];
| }
| static char *f (char * (*g) (char **, int), char **p, ...)
| {
|   char *s;
|   va_list v;
|   va_start (v,p);
|   s = g (p, va_arg (v,int));
|   va_end (v);
|   return s;
| }
| int test (int i, double x);
| struct s1 {int (*f) (int a);};
| struct s2 {int (*f) (double a);};
| int pairnames (int, char **, FILE *(*)(struct buf *, struct stat *, int), int, int);
| int argc;
| char **argv;
| int
| main ()
| {
| return f (e, argv, 0) != argv[0]  ||  f (e, argv, 1) != argv[1];
|   ;
|   return 0;
| }
configure:2027: gcc -qlanglvl=ansi -c -g -O2  conftest.c >&5
gcc: error: unrecognized command line option '-qlanglvl=ansi'
configure:2030: $? = 1
configure: failed program was:
| #line 1973 "configure"
| /* confdefs.h.  */
| 
| #define PACKAGE_NAME ""
| #define PACKAGE_TARNAME ""
| #define PACKAGE_VERSION ""
| #define PACKAGE_STRING ""
| #define PACKAGE_BUGREPORT ""
| #define CPU_VENDOR_OS "x86_64-unknown-linux-gnu"
| /* end confdefs.h.  */
| #include <stdarg.h>
| #include <stdio.h>
| #include <sys/types.h>
| #include <sys/stat.h>
| /* Most of the following tests are stolen from RCS 5.7's src/conf.sh.  */
| struct buf { int x; };
| FILE * (*rcsopen) (struct buf *, struct stat *, int);
| static char *e (p, i)
|      char **p;
|      int i;
| {
|   return p[i];
| }
| static char *f (char * (*g) (char **, int), char **p, ...)
| {
|   char *s;
|   va_list v;
|   va_start (v,p);
|   s = g (p, va_arg (v,int));
|   va_end (v);
|   return s;
| }
| int test (int i, double x);
| struct s1 {int (*f) (int a);};
| struct s2 {int (*f) (double a);};
| int pairnames (int, char **, FILE *(*)(struct buf *, struct stat *, int), int, int);
| int argc;
| char **argv;
| int
| main ()
| {
| return f (e, argv, 0) != argv[0]  ||  f (e, argv, 1) != argv[1];
|   ;
|   return 0;
| }
configure:2027: gcc -std1 -c -g -O2  conftest.c >&5
gcc: error: unrecognized command line option '-std1'
configure:2030: $? = 1
configure: failed program was:
| #line 1973 "configure"
| /* confdefs.h.  */
| 
| #define PACKAGE_NAME ""
| #define PACKAGE_TARNAME ""
| #define PACKAGE_VERSION ""
| #define PACKAGE_STRING ""
| #define PACKAGE_BUGREPORT ""
| #define CPU_VENDOR_OS "x86_64-unknown-linux-gnu"
| /* end confdefs.h.  */
| #include <stdarg.h>
| #include <stdio.h>
| #include <sys/types.h>
| #include <sys/stat.h>
| /* Most of the following tests are stolen from RCS 5.7's src/conf.sh.  */
| struct buf { int x; };
| FILE * (*rcsopen) (struct buf *, struct stat *, int);
| static char *e (p, i)
|      char **p;
|      int i;
| {
|   return p[i];
| }
| static char *f (char * (*g) (char **, int), char **p, ...)
| {
|   char *s;
|   va_list v;
|   va_start (v,p);
|   s = g (p, va_arg (v,int));
|   va_end (v);
|   return s;
| }
| int test (int i, double x);
| struct s1 {int (*f) (int a);};
| struct s2 {int (*f) (double a);};
| int pairnames (int, char **, FILE *(*)(struct buf *, struct stat *, int), int, int);
| int argc;
| char **argv;
| int
| main ()
| {
| return f (e, argv, 0) != argv[0]  ||  f (e, argv, 1) != argv[1];
|   ;
|   return 0;
| }
configure:2027: gcc -Ae -c -g -O2  conftest.c >&5
<command-line>:0:1: error: missing '(' after predicate
configure:1983:19: fatal error: stdio.h: No such file or directory
 #include <sys/stat.h>
                   ^
compilation terminated.
configure:2030: $? = 1
configure: failed program was:
| #line 1973 "configure"
| /* confdefs.h.  */
| 
| #define PACKAGE_NAME ""
| #define PACKAGE_TARNAME ""
| #define PACKAGE_VERSION ""
| #define PACKAGE_STRING ""
| #define PACKAGE_BUGREPORT ""
| #define CPU_VENDOR_OS "x86_64-unknown-linux-gnu"
| /* end confdefs.h.  */
| #include <stdarg.h>
| #include <stdio.h>
| #include <sys/types.h>
| #include <sys/stat.h>
| /* Most of the following tests are stolen from RCS 5.7's src/conf.sh.  */
| struct buf { int x; };
| FILE * (*rcsopen) (struct buf *, struct stat *, int);
| static char *e (p, i)
|      char **p;
|      int i;
| {
|   return p[i];
| }
| static char *f (char * (*g) (char **, int), char **p, ...)
| {
|   char *s;
|   va_list v;
|   va_start (v,p);
|   s = g (p, va_arg (v,int));
|   va_end (v);
|   return s;
| }
| int test (int i, double x);
| struct s1 {int (*f) (int a);};
| struct s2 {int (*f) (double a);};
| int pairnames (int, char **, FILE *(*)(struct buf *, struct stat *, int), int, int);
| int argc;
| char **argv;
| int
| main ()
| {
| return f (e, argv, 0) != argv[0]  ||  f (e, argv, 1) != argv[1];
|   ;
|   return 0;
| }
configure:2027: gcc -Aa -D_HPUX_SOURCE -c -g -O2  conftest.c >&5
<command-line>:0:1: error: missing '(' after predicate
configure:1983:19: fatal error: stdio.h: No such file or directory
 #include <sys/stat.h>
                   ^
compilation terminated.
configure:2030: $? = 1
configure: failed program was:
| #line 1973 "configure"
| /* confdefs.h.  */
| 
| #define PACKAGE_NAME ""
| #define PACKAGE_TARNAME ""
| #define PACKAGE_VERSION ""
| #define PACKAGE_STRING ""
| #define PACKAGE_BUGREPORT ""
| #define CPU_VENDOR_OS "x86_64-unknown-linux-gnu"
| /* end confdefs.h.  */
| #include <stdarg.h>
| #include <stdio.h>
| #include <sys/types.h>
| #include <sys/stat.h>
| /* Most of the following tests are stolen from RCS 5.7's src/conf.sh.  */
| struct buf { int x; };
| FILE * (*rcsopen) (struct buf *, struct stat *, int);
| static char *e (p, i)
|      char **p;
|      int i;
| {
|   return p[i];
| }
| static char *f (char * (*g) (char **, int), char **p, ...)
| {
|   char *s;
|   va_list v;
|   va_start (v,p);
|   s = g (p, va_arg (v,int));
|   va_end (v);
|   return s;
| }
| int test (int i, double x);
| struct s1 {int (*f) (int a);};
| struct s2 {int (*f) (double a);};
| int pairnames (int, char **, FILE *(*)(struct buf *, struct stat *, int), int, int);
| int argc;
| char **argv;
| int
| main ()
| {
| return f (e, argv, 0) != argv[0]  ||  f (e, argv, 1) != argv[1];
|   ;
|   return 0;
| }
configure:2027: gcc -Xc -D__EXTENSIONS__ -c -g -O2  conftest.c >&5
gcc: error: unrecognized command line option '-Xc'; did you mean '-c'?
configure:2030: $? = 1
configure: failed program was:
| #line 1973 "configure"
| /* confdefs.h.  */
| 
| #define PACKAGE_NAME ""
| #define PACKAGE_TARNAME ""
| #define PACKAGE_VERSION ""
| #define PACKAGE_STRING ""
| #define PACKAGE_BUGREPORT ""
| #define CPU_VENDOR_OS "x86_64-unknown-linux-gnu"
| /* end confdefs.h.  */
| #include <stdarg.h>
| #include <stdio.h>
| #include <sys/types.h>
| #include <sys/stat.h>
| /* Most of the following tests are stolen from RCS 5.7's src/conf.sh.  */
| struct buf { int x; };
| FILE * (*rcsopen) (struct buf *, struct stat *, int);
| static char *e (p, i)
|      char **p;
|      int i;
| {
|   return p[i];
| }
| static char *f (char * (*g) (char **, int), char **p, ...)
| {
|   char *s;
|   va_list v;
|   va_start (v,p);
|   s = g (p, va_arg (v,int));
|   va_end (v);
|   return s;
| }
| int test (int i, double x);
| struct s1 {int (*f) (int a);};
| struct s2 {int (*f) (double a);};
| int pairnames (int, char **, FILE *(*)(struct buf *, struct stat *, int), int, int);
| int argc;
| char **argv;
| int
| main ()
| {
| return f (e, argv, 0) != argv[0]  ||  f (e, argv, 1) != argv[1];
|   ;
|   return 0;
| }
configure:2054: result: none needed
configure:2072: gcc -c -g -O2  conftest.c >&5
conftest.c:2:3: error: unknown type name 'choke'
   choke me
   ^~~~~
conftest.c:2:3: error: expected '=', ',', ';', 'asm' or '__attribute__' at end of input
configure:2075: $? = 1
configure: failed program was:
| #ifndef __cplusplus
|   choke me
| #endif
configure:2225: checking for ranlib
configure:2241: found /usr/bin/ranlib
configure:2252: result: ranlib
configure:2267: checking for pthread_create in -lpthread
configure:2298: gcc -o conftest -g -O2   conftest.c -lpthread   >&5
configure:2301: $? = 0
configure:2304: test -s conftest
configure:2307: $? = 0
configure:2319: result: yes
configure:2403: checking for t_open in -lnsl
configure:2434: gcc -o conftest -g -O2 -D_REENTRANT   conftest.c -lnsl  -lpthread  >&5
/tmp/ccAbCA8v.o: In function `main':
/home/debian/Projects/unix-socket/unpv13e/configure:2431: undefined reference to `t_open'
collect2: error: ld returned 1 exit status
configure:2437: $? = 1
configure: failed program was:
| #line 2410 "configure"
| /* confdefs.h.  */
| 
| #define PACKAGE_NAME ""
| #define PACKAGE_TARNAME ""
| #define PACKAGE_VERSION ""
| #define PACKAGE_STRING ""
| #define PACKAGE_BUGREPORT ""
| #define CPU_VENDOR_OS "x86_64-unknown-linux-gnu"
| #define HAVE_LIBPTHREAD 1
| /* end confdefs.h.  */
| 
| /* Override any gcc2 internal prototype to avoid an error.  */
| #ifdef __cplusplus
| extern "C"
| #endif
| /* We use char because int might match the return type of a gcc2
|    builtin and then its argument prototype would still apply.  */
| char t_open ();
| int
| main ()
| {
| t_open ();
|   ;
|   return 0;
| }
configure:2455: result: no
configure:2466: checking for library containing socket
configure:2497: gcc -o conftest -g -O2 -D_REENTRANT   conftest.c -lpthread  >&5
configure:2500: $? = 0
configure:2503: test -s conftest
configure:2506: $? = 0
configure:2565: result: none required
configure:2573: checking for /usr/local/bind/lib/libbind.a
configure:2580: result: no
configure:2582: checking for /home/debian/libbind.a
configure:2589: result: no
configure:2591: checking for /home/debian/libresolv.a
configure:2598: result: no
configure:2601: checking for res_init in -lresolv
configure:2632: gcc -o conftest -g -O2 -D_REENTRANT   conftest.c -lresolv  -lpthread  >&5
/tmp/cc7aiO2B.o: In function `main':
/home/debian/Projects/unix-socket/unpv13e/configure:2629: undefined reference to `res_init'
collect2: error: ld returned 1 exit status
configure:2635: $? = 1
configure: failed program was:
| #line 2608 "configure"
| /* confdefs.h.  */
| 
| #define PACKAGE_NAME ""
| #define PACKAGE_TARNAME ""
| #define PACKAGE_VERSION ""
| #define PACKAGE_STRING ""
| #define PACKAGE_BUGREPORT ""
| #define CPU_VENDOR_OS "x86_64-unknown-linux-gnu"
| #define HAVE_LIBPTHREAD 1
| /* end confdefs.h.  */
| 
| /* Override any gcc2 internal prototype to avoid an error.  */
| #ifdef __cplusplus
| extern "C"
| #endif
| /* We use char because int might match the return type of a gcc2
|    builtin and then its argument prototype would still apply.  */
| char res_init ();
| int
| main ()
| {
| res_init ();
|   ;
|   return 0;
| }
configure:2653: result: no
configure:2669: checking for t_open in -lxti
configure:2700: gcc -o conftest -g -O2 -D_REENTRANT   conftest.c -lxti  -lpthread  >&5
/usr/bin/ld: cannot find -lxti
collect2: error: ld returned 1 exit status
configure:2703: $? = 1
configure: failed program was:
| #line 2676 "configure"
| /* confdefs.h.  */
| 
| #define PACKAGE_NAME ""
| #define PACKAGE_TARNAME ""
| #define PACKAGE_VERSION ""
| #define PACKAGE_STRING ""
| #define PACKAGE_BUGREPORT ""
| #define CPU_VENDOR_OS "x86_64-unknown-linux-gnu"
| #define HAVE_LIBPTHREAD 1
| /* end confdefs.h.  */
| 
| /* Override any gcc2 internal prototype to avoid an error.  */
| #ifdef __cplusplus
| extern "C"
| #endif
| /* We use char because int might match the return type of a gcc2
|    builtin and then its argument prototype would still apply.  */
| char t_open ();
| int
| main ()
| {
| t_open ();
|   ;
|   return 0;
| }
configure:2721: result: no
configure:2733: checking for /home/debian/libunp.a
configure:2741: result: no
configure:2747: checking for /home/debian/libunpxti.a
configure:2755: result: no
configure:2766: checking how to run the C preprocessor
configure:2802: gcc -E  conftest.c
In file included from /usr/lib/gcc/x86_64-linux-gnu/6/include-fixed/syslimits.h:7:0,
                 from /usr/lib/gcc/x86_64-linux-gnu/6/include-fixed/limits.h:34,
                 from configure:2799:
/usr/lib/gcc/x86_64-linux-gnu/6/include-fixed/limits.h:168:61: fatal error: limits.h: No such file or directory
 #include_next <limits.h>  /* recurse down to the real one */
                                                             ^
compilation terminated.
configure:2808: $? = 1
configure: failed program was:
| #line 2788 "configure"
| /* confdefs.h.  */
| 
| #define PACKAGE_NAME ""
| #define PACKAGE_TARNAME ""
| #define PACKAGE_VERSION ""
| #define PACKAGE_STRING ""
| #define PACKAGE_BUGREPORT ""
| #define CPU_VENDOR_OS "x86_64-unknown-linux-gnu"
| #define HAVE_LIBPTHREAD 1
| /* end confdefs.h.  */
| #ifdef __STDC__
| # include <limits.h>
| #else
| # include <assert.h>
| #endif
|                      Syntax error
configure:2802: gcc -E  conftest.c
In file included from /usr/lib/gcc/x86_64-linux-gnu/6/include-fixed/syslimits.h:7:0,
                 from /usr/lib/gcc/x86_64-linux-gnu/6/include-fixed/limits.h:34,
                 from configure:2799:
/usr/lib/gcc/x86_64-linux-gnu/6/include-fixed/limits.h:168:61: fatal error: limits.h: No such file or directory
 #include_next <limits.h>  /* recurse down to the real one */
                                                             ^
compilation terminated.
configure:2808: $? = 1
configure: failed program was:
| #line 2788 "configure"
| /* confdefs.h.  */
| 
| #define PACKAGE_NAME ""
| #define PACKAGE_TARNAME ""
| #define PACKAGE_VERSION ""
| #define PACKAGE_STRING ""
| #define PACKAGE_BUGREPORT ""
| #define CPU_VENDOR_OS "x86_64-unknown-linux-gnu"
| #define HAVE_LIBPTHREAD 1
| /* end confdefs.h.  */
| #ifdef __STDC__
| # include <limits.h>
| #else
| # include <assert.h>
| #endif
|                      Syntax error
configure:2802: gcc -E -traditional-cpp  conftest.c
configure:2801:0: fatal error: assert.h: No such file or directory
 _ACEOF
 
compilation terminated.
configure:2808: $? = 1
configure: failed program was:
| #line 2788 "configure"
| /* confdefs.h.  */
| 
| #define PACKAGE_NAME ""
| #define PACKAGE_TARNAME ""
| #define PACKAGE_VERSION ""
| #define PACKAGE_STRING ""
| #define PACKAGE_BUGREPORT ""
| #define CPU_VENDOR_OS "x86_64-unknown-linux-gnu"
| #define HAVE_LIBPTHREAD 1
| /* end confdefs.h.  */
| #ifdef __STDC__
| # include <limits.h>
| #else
| # include <assert.h>
| #endif
|                      Syntax error
configure:2802: gcc -E -traditional-cpp  conftest.c
configure:2801:0: fatal error: assert.h: No such file or directory
 _ACEOF
 
compilation terminated.
configure:2808: $? = 1
configure: failed program was:
| #line 2788 "configure"
| /* confdefs.h.  */
| 
| #define PACKAGE_NAME ""
| #define PACKAGE_TARNAME ""
| #define PACKAGE_VERSION ""
| #define PACKAGE_STRING ""
| #define PACKAGE_BUGREPORT ""
| #define CPU_VENDOR_OS "x86_64-unknown-linux-gnu"
| #define HAVE_LIBPTHREAD 1
| /* end confdefs.h.  */
| #ifdef __STDC__
| # include <limits.h>
| #else
| # include <assert.h>
| #endif
|                      Syntax error
configure:2802: /lib/cpp  conftest.c
In file included from /usr/lib/gcc/x86_64-linux-gnu/6/include-fixed/syslimits.h:7:0,
                 from /usr/lib/gcc/x86_64-linux-gnu/6/include-fixed/limits.h:34,
                 from configure:2799:
/usr/lib/gcc/x86_64-linux-gnu/6/include-fixed/limits.h:168:61: fatal error: limits.h: No such file or directory
 #include_next <limits.h>  /* recurse down to the real one */
                                                             ^
compilation terminated.
configure:2808: $? = 1
configure: failed program was:
| #line 2788 "configure"
| /* confdefs.h.  */
| 
| #define PACKAGE_NAME ""
| #define PACKAGE_TARNAME ""
| #define PACKAGE_VERSION ""
| #define PACKAGE_STRING ""
| #define PACKAGE_BUGREPORT ""
| #define CPU_VENDOR_OS "x86_64-unknown-linux-gnu"
| #define HAVE_LIBPTHREAD 1
| /* end confdefs.h.  */
| #ifdef __STDC__
| # include <limits.h>
| #else
| # include <assert.h>
| #endif
|                      Syntax error
configure:2802: /lib/cpp  conftest.c
In file included from /usr/lib/gcc/x86_64-linux-gnu/6/include-fixed/syslimits.h:7:0,
                 from /usr/lib/gcc/x86_64-linux-gnu/6/include-fixed/limits.h:34,
                 from configure:2799:
/usr/lib/gcc/x86_64-linux-gnu/6/include-fixed/limits.h:168:61: fatal error: limits.h: No such file or directory
 #include_next <limits.h>  /* recurse down to the real one */
                                                             ^
compilation terminated.
configure:2808: $? = 1
configure: failed program was:
| #line 2788 "configure"
| /* confdefs.h.  */
| 
| #define PACKAGE_NAME ""
| #define PACKAGE_TARNAME ""
| #define PACKAGE_VERSION ""
| #define PACKAGE_STRING ""
| #define PACKAGE_BUGREPORT ""
| #define CPU_VENDOR_OS "x86_64-unknown-linux-gnu"
| #define HAVE_LIBPTHREAD 1
| /* end confdefs.h.  */
| #ifdef __STDC__
| # include <limits.h>
| #else
| # include <assert.h>
| #endif
|                      Syntax error
configure:2884: result: /lib/cpp
configure:2909: /lib/cpp  conftest.c
In file included from /usr/lib/gcc/x86_64-linux-gnu/6/include-fixed/syslimits.h:7:0,
                 from /usr/lib/gcc/x86_64-linux-gnu/6/include-fixed/limits.h:34,
                 from configure:2906:
/usr/lib/gcc/x86_64-linux-gnu/6/include-fixed/limits.h:168:61: fatal error: limits.h: No such file or directory
 #include_next <limits.h>  /* recurse down to the real one */
                                                             ^
compilation terminated.
configure:2915: $? = 1
configure: failed program was:
| #line 2895 "configure"
| /* confdefs.h.  */
| 
| #define PACKAGE_NAME ""
| #define PACKAGE_TARNAME ""
| #define PACKAGE_VERSION ""
| #define PACKAGE_STRING ""
| #define PACKAGE_BUGREPORT ""
| #define CPU_VENDOR_OS "x86_64-unknown-linux-gnu"
| #define HAVE_LIBPTHREAD 1
| /* end confdefs.h.  */
| #ifdef __STDC__
| # include <limits.h>
| #else
| # include <assert.h>
| #endif
|                      Syntax error
configure:2909: /lib/cpp  conftest.c
In file included from /usr/lib/gcc/x86_64-linux-gnu/6/include-fixed/syslimits.h:7:0,
                 from /usr/lib/gcc/x86_64-linux-gnu/6/include-fixed/limits.h:34,
                 from configure:2906:
/usr/lib/gcc/x86_64-linux-gnu/6/include-fixed/limits.h:168:61: fatal error: limits.h: No such file or directory
 #include_next <limits.h>  /* recurse down to the real one */
                                                             ^
compilation terminated.
configure:2915: $? = 1
configure: failed program was:
| #line 2895 "configure"
| /* confdefs.h.  */
| 
| #define PACKAGE_NAME ""
| #define PACKAGE_TARNAME ""
| #define PACKAGE_VERSION ""
| #define PACKAGE_STRING ""
| #define PACKAGE_BUGREPORT ""
| #define CPU_VENDOR_OS "x86_64-unknown-linux-gnu"
| #define HAVE_LIBPTHREAD 1
| /* end confdefs.h.  */
| #ifdef __STDC__
| # include <limits.h>
| #else
| # include <assert.h>
| #endif
|                      Syntax error
configure:2983: error: C preprocessor "/lib/cpp" fails sanity check
See `config.log' for more details.

## ---------------- ##
## Cache variables. ##
## ---------------- ##

ac_cv_build=x86_64-unknown-linux-gnu
ac_cv_build_alias=x86_64-unknown-linux-gnu
ac_cv_c_compiler_gnu=yes
ac_cv_env_CC_set=
ac_cv_env_CC_value=
ac_cv_env_CFLAGS_set=
ac_cv_env_CFLAGS_value=
ac_cv_env_CPPFLAGS_set=
ac_cv_env_CPPFLAGS_value=
ac_cv_env_CPP_set=
ac_cv_env_CPP_value=
ac_cv_env_LDFLAGS_set=
ac_cv_env_LDFLAGS_value=
ac_cv_env_build_alias_set=
ac_cv_env_build_alias_value=
ac_cv_env_host_alias_set=
ac_cv_env_host_alias_value=
ac_cv_env_target_alias_set=
ac_cv_env_target_alias_value=
ac_cv_exeext=
ac_cv_host=x86_64-unknown-linux-gnu
ac_cv_host_alias=x86_64-unknown-linux-gnu
ac_cv_lib_nsl_t_open=no
ac_cv_lib_pthread_pthread_create=yes
ac_cv_lib_resolv_res_init=no
ac_cv_lib_xti_t_open=no
ac_cv_objext=o
ac_cv_prog_CPP=/lib/cpp
ac_cv_prog_ac_ct_CC=gcc
ac_cv_prog_ac_ct_RANLIB=ranlib
ac_cv_prog_cc_g=yes
ac_cv_prog_cc_stdc=no
ac_cv_search_socket='none required'

## ----------------- ##
## Output variables. ##
## ----------------- ##

CC='gcc'
CFLAGS='-g -O2 -D_REENTRANT'
CPP='/lib/cpp'
CPPFLAGS=''
DEFS=''
ECHO_C=''
ECHO_N='-n'
ECHO_T=''
EGREP=''
EXEEXT=''
LDFLAGS=''
LIBFREE_OBJS=''
LIBGAI_OBJS=''
LIBOBJS=''
LIBROUTE_OBJS=''
LIBS='-lpthread '
LIBS_XTI=''
LIBUNP='../libunp.a'
LIBUNPXTI='../libunpxti.a'
LIBUNPXTI_NAME='../libunpxti.a'
LIBUNP_NAME='../libunp.a'
LIBXTI_OBJS=''
LIB_OBJS=''
LTLIBOBJS=''
OBJEXT='o'
PACKAGE_BUGREPORT=''
PACKAGE_NAME=''
PACKAGE_STRING=''
PACKAGE_TARNAME=''
PACKAGE_VERSION=''
PATH_SEPARATOR=':'
RANLIB='ranlib'
SHELL='/bin/bash'
ac_ct_CC='gcc'
ac_ct_RANLIB='ranlib'
bindir='${exec_prefix}/bin'
build='x86_64-unknown-linux-gnu'
build_alias=''
build_cpu='x86_64'
build_os='linux-gnu'
build_vendor='unknown'
datadir='${prefix}/share'
exec_prefix='NONE'
host='x86_64-unknown-linux-gnu'
host_alias=''
host_cpu='x86_64'
host_os='linux-gnu'
host_vendor='unknown'
includedir='${prefix}/include'
infodir='${prefix}/info'
libdir='${exec_prefix}/lib'
libexecdir='${exec_prefix}/libexec'
localstatedir='${prefix}/var'
mandir='${prefix}/man'
oldincludedir='/usr/include'
prefix='NONE'
program_transform_name='s,x,x,'
sbindir='${exec_prefix}/sbin'
sharedstatedir='${prefix}/com'
sysconfdir='${prefix}/etc'
target_alias=''

## ----------- ##
## confdefs.h. ##
## ----------- ##

#define CPU_VENDOR_OS "x86_64-unknown-linux-gnu"
#define HAVE_LIBPTHREAD 1
#define PACKAGE_BUGREPORT ""
#define PACKAGE_NAME ""
#define PACKAGE_STRING ""
#define PACKAGE_TARNAME ""
#define PACKAGE_VERSION ""

configure: exit 1
